#
# There is insufficient memory for the Java Runtime Environment to continue.
# Native memory allocation (malloc) failed to allocate 44656 bytes for Chunk::new
# Possible reasons:
#   The system is out of physical RAM or swap space
#   The process is running with CompressedOops enabled, and the Java Heap may be blocking the growth of the native heap
# Possible solutions:
#   Reduce memory load on the system
#   Increase physical memory or swap space
#   Check if swap backing store is full
#   Decrease Java heap size (-Xmx/-Xms)
#   Decrease number of Java threads
#   Decrease Java thread stack sizes (-Xss)
#   Set larger code cache with -XX:ReservedCodeCacheSize=
#   JVM is running with Unscaled Compressed Oops mode in which the Java heap is
#     placed in the first 4GB address space. The Java Heap base address is the
#     maximum limit for the native heap growth. Please use -XX:HeapBaseMinAddress
#     to set the Java Heap base and to place the Java Heap above 4GB virtual address.
# This output file may be truncated or incomplete.
#
#  Out of Memory Error (./open/src/hotspot/share/memory/arena.cpp:197), pid=996, tid=13464
#
# JRE version: Java(TM) SE Runtime Environment 18.9 (11.0.13+10) (build 11.0.13+10-LTS-370)
# Java VM: Java HotSpot(TM) 64-Bit Server VM 18.9 (11.0.13+10-LTS-370, mixed mode, tiered, compressed oops, g1 gc, windows-amd64)
# No core dump will be written. Minidumps are not enabled by default on client versions of Windows
#

---------------  S U M M A R Y ------------

Command Line: -Dclassworlds.conf=C:\Program Files\NetBeans-12.6\netbeans\java\maven\bin\..\bin\m2.conf -Dmaven.home=C:\Program Files\NetBeans-12.6\netbeans\java\maven\bin\.. -Dlibrary.jansi.path=C:\Program Files\NetBeans-12.6\netbeans\java\maven\bin\..\lib\jansi-native -Dmaven.multiModuleProjectDirectory=C:\Users\arthu\OneDrive\Bureau\PROJETS\ScoreTarot org.codehaus.plexus.classworlds.launcher.Launcher -Dexec.vmArgs= -Dexec.args=${exec.vmArgs} -classpath %classpath ${exec.mainClass} ${exec.appArgs} -Dexec.appArgs= -Dexec.mainClass=arthur.scoretarot.ScoreTarot -Dexec.executable=C:\Program Files\Java\jdk-11.0.13\bin\java.exe -Dmaven.ext.class.path=C:\Program Files\NetBeans-12.6\netbeans\java\maven-nblib\netbeans-eventspy.jar -Dfile.encoding=UTF-8 org.codehaus.mojo:exec-maven-plugin:3.0.0:exec

Host: AMD Ryzen 5 3500U with Radeon Vega Mobile Gfx  , 8 cores, 6G,  Windows 10 , 64 bit Build 19041 (10.0.19041.1466)
Time: Wed Feb 16 00:14:33 2022 Paris, Madrid elapsed time: 5.742311 seconds (0d 0h 0m 5s)

---------------  T H R E A D  ---------------

Current thread (0x000002032d67c000):  JavaThread "C2 CompilerThread1" daemon [_thread_in_native, id=13464, stack(0x0000004b2fb00000,0x0000004b2fc00000)]


Current CompileTask:
C2:   5742 2994  s    4       java.io.BufferedOutputStream::flush (12 bytes)

Stack: [0x0000004b2fb00000,0x0000004b2fc00000]
Native frames: (J=compiled Java code, j=interpreted, Vv=VM code, C=native code)
V  [jvm.dll+0x62870a]
V  [jvm.dll+0x761f2f]
V  [jvm.dll+0x7635d9]
V  [jvm.dll+0x763c63]
V  [jvm.dll+0x23d728]
V  [jvm.dll+0xb293c]
V  [jvm.dll+0xb2efc]
V  [jvm.dll+0x3408b7]
V  [jvm.dll+0x30e603]
V  [jvm.dll+0x30d94a]
V  [jvm.dll+0x1f8255]
V  [jvm.dll+0x1f743d]
V  [jvm.dll+0x177991]
V  [jvm.dll+0x206d84]
V  [jvm.dll+0x204ebb]
V  [jvm.dll+0x727e70]
V  [jvm.dll+0x720a54]
V  [jvm.dll+0x627606]
C  [ucrtbase.dll+0x21bb2]
C  [KERNEL32.DLL+0x17034]
C  [ntdll.dll+0x52651]


---------------  P R O C E S S  ---------------

Threads class SMR info:
_java_thread_list=0x000002032ea1bcf0, length=14, elements={
0x000002030ec30000, 0x000002032c199000, 0x000002032c1c2800, 0x000002032c1d4000,
0x000002032c1d6000, 0x000002032c1d7800, 0x000002032c1e5000, 0x000002032c1ef800,
0x000002032c1fe800, 0x000002032ccd4000, 0x000002032d67c000, 0x000002032f40f800,
0x000002032f3e5000, 0x000002032e93f800
}

Java Threads: ( => current thread )
  0x000002030ec30000 JavaThread "main" [_thread_in_native, id=12452, stack(0x0000004b2ea00000,0x0000004b2eb00000)]
  0x000002032c199000 JavaThread "Reference Handler" daemon [_thread_blocked, id=6892, stack(0x0000004b2f100000,0x0000004b2f200000)]
  0x000002032c1c2800 JavaThread "Finalizer" daemon [_thread_blocked, id=4868, stack(0x0000004b2f200000,0x0000004b2f300000)]
  0x000002032c1d4000 JavaThread "Signal Dispatcher" daemon [_thread_blocked, id=13612, stack(0x0000004b2f300000,0x0000004b2f400000)]
  0x000002032c1d6000 JavaThread "Attach Listener" daemon [_thread_blocked, id=9688, stack(0x0000004b2f400000,0x0000004b2f500000)]
  0x000002032c1d7800 JavaThread "Service Thread" daemon [_thread_blocked, id=11128, stack(0x0000004b2f500000,0x0000004b2f600000)]
  0x000002032c1e5000 JavaThread "C2 CompilerThread0" daemon [_thread_blocked, id=7240, stack(0x0000004b2f600000,0x0000004b2f700000)]
  0x000002032c1ef800 JavaThread "C1 CompilerThread0" daemon [_thread_blocked, id=740, stack(0x0000004b2f700000,0x0000004b2f800000)]
  0x000002032c1fe800 JavaThread "Sweeper thread" daemon [_thread_blocked, id=2044, stack(0x0000004b2f800000,0x0000004b2f900000)]
  0x000002032ccd4000 JavaThread "Common-Cleaner" daemon [_thread_blocked, id=14228, stack(0x0000004b2fa00000,0x0000004b2fb00000)]
=>0x000002032d67c000 JavaThread "C2 CompilerThread1" daemon [_thread_in_native, id=13464, stack(0x0000004b2fb00000,0x0000004b2fc00000)]
  0x000002032f40f800 JavaThread "Exec Stream Pumper" daemon [_thread_in_native, id=17664, stack(0x0000004b2ff00000,0x0000004b30000000)]
  0x000002032f3e5000 JavaThread "Exec Stream Pumper" daemon [_thread_in_native, id=13684, stack(0x0000004b30000000,0x0000004b30100000)]
  0x000002032e93f800 JavaThread "Exec Input Stream Pumper" daemon [_thread_blocked, id=11544, stack(0x0000004b30100000,0x0000004b30200000)]

Other Threads:
  0x000002032c196800 VMThread "VM Thread" [stack: 0x0000004b2f000000,0x0000004b2f100000] [id=14992]
  0x000002032ccd3800 WatcherThread [stack: 0x0000004b2f900000,0x0000004b2fa00000] [id=6780]
  0x000002030ec45000 GCTaskThread "GC Thread#0" [stack: 0x0000004b2eb00000,0x0000004b2ec00000] [id=8592]
  0x000002032d6cd000 GCTaskThread "GC Thread#1" [stack: 0x0000004b2fd00000,0x0000004b2fe00000] [id=15560]
  0x000002030ec6b000 ConcurrentGCThread "G1 Main Marker" [stack: 0x0000004b2ec00000,0x0000004b2ed00000] [id=13608]
  0x000002030ec6e000 ConcurrentGCThread "G1 Conc#0" [stack: 0x0000004b2ed00000,0x0000004b2ee00000] [id=19328]
  0x000002032fb2d800 ConcurrentGCThread "G1 Conc#1" [stack: 0x0000004b2fe00000,0x0000004b2ff00000] [id=16592]
  0x000002030ecfd000 ConcurrentGCThread "G1 Refine#0" [stack: 0x0000004b2ee00000,0x0000004b2ef00000] [id=14212]
  0x000002030ecfe000 ConcurrentGCThread "G1 Young RemSet Sampling" [stack: 0x0000004b2ef00000,0x0000004b2f000000] [id=15284]

Threads with active compile tasks:
C2 CompilerThread1   5767 2994  s    4       java.io.BufferedOutputStream::flush (12 bytes)

VM state:not at safepoint (normal execution)

VM Mutex/Monitor currently owned by a thread: None

Heap address: 0x0000000091000000, size: 1776 MB, Compressed Oops mode: 32-bit
Narrow klass base: 0x0000000000000000, Narrow klass shift: 3
Compressed class space size: 1073741824 Address: 0x0000000100000000

Heap:
 garbage-first heap   total 114688K, used 14130K [0x0000000091000000, 0x0000000100000000)
  region size 1024K, 12 young (12288K), 5 survivors (5120K)
 Metaspace       used 21488K, capacity 21960K, committed 22192K, reserved 1069056K
  class space    used 2302K, capacity 2433K, committed 2560K, reserved 1048576K
Heap Regions: E=young(eden), S=young(survivor), O=old, HS=humongous(starts), HC=humongous(continues), CS=collection set, F=free, A=archive, TAMS=top-at-mark-start (previous, next)
|   0|0x0000000091000000, 0x0000000091100000, 0x0000000091100000|100%| O|  |TAMS 0x0000000091100000, 0x0000000091000000| Untracked 
|   1|0x0000000091100000, 0x0000000091200000, 0x0000000091200000|100%| O|  |TAMS 0x0000000091200000, 0x0000000091100000| Untracked 
|   2|0x0000000091200000, 0x0000000091300000, 0x0000000091300000|100%| O|  |TAMS 0x0000000091300000, 0x0000000091200000| Untracked 
|   3|0x0000000091300000, 0x0000000091353600, 0x0000000091400000| 32%| O|  |TAMS 0x0000000091353600, 0x0000000091300000| Untracked 
|   4|0x0000000091400000, 0x0000000091400000, 0x0000000091500000|  0%| F|  |TAMS 0x0000000091400000, 0x0000000091400000| Untracked 
|   5|0x0000000091500000, 0x0000000091500000, 0x0000000091600000|  0%| F|  |TAMS 0x0000000091500000, 0x0000000091500000| Untracked 
|   6|0x0000000091600000, 0x0000000091600000, 0x0000000091700000|  0%| F|  |TAMS 0x0000000091600000, 0x0000000091600000| Untracked 
|   7|0x0000000091700000, 0x0000000091700000, 0x0000000091800000|  0%| F|  |TAMS 0x0000000091700000, 0x0000000091700000| Untracked 
|   8|0x0000000091800000, 0x0000000091800000, 0x0000000091900000|  0%| F|  |TAMS 0x0000000091800000, 0x0000000091800000| Untracked 
|   9|0x0000000091900000, 0x0000000091900000, 0x0000000091a00000|  0%| F|  |TAMS 0x0000000091900000, 0x0000000091900000| Untracked 
|  10|0x0000000091a00000, 0x0000000091a00000, 0x0000000091b00000|  0%| F|  |TAMS 0x0000000091a00000, 0x0000000091a00000| Untracked 
|  11|0x0000000091b00000, 0x0000000091b00000, 0x0000000091c00000|  0%| F|  |TAMS 0x0000000091b00000, 0x0000000091b00000| Untracked 
|  12|0x0000000091c00000, 0x0000000091c00000, 0x0000000091d00000|  0%| F|  |TAMS 0x0000000091c00000, 0x0000000091c00000| Untracked 
|  13|0x0000000091d00000, 0x0000000091d00000, 0x0000000091e00000|  0%| F|  |TAMS 0x0000000091d00000, 0x0000000091d00000| Untracked 
|  14|0x0000000091e00000, 0x0000000091e00000, 0x0000000091f00000|  0%| F|  |TAMS 0x0000000091e00000, 0x0000000091e00000| Untracked 
|  15|0x0000000091f00000, 0x0000000091f00000, 0x0000000092000000|  0%| F|  |TAMS 0x0000000091f00000, 0x0000000091f00000| Untracked 
|  16|0x0000000092000000, 0x0000000092000000, 0x0000000092100000|  0%| F|  |TAMS 0x0000000092000000, 0x0000000092000000| Untracked 
|  17|0x0000000092100000, 0x0000000092100000, 0x0000000092200000|  0%| F|  |TAMS 0x0000000092100000, 0x0000000092100000| Untracked 
|  18|0x0000000092200000, 0x0000000092200000, 0x0000000092300000|  0%| F|  |TAMS 0x0000000092200000, 0x0000000092200000| Untracked 
|  19|0x0000000092300000, 0x0000000092300000, 0x0000000092400000|  0%| F|  |TAMS 0x0000000092300000, 0x0000000092300000| Untracked 
|  20|0x0000000092400000, 0x0000000092400000, 0x0000000092500000|  0%| F|  |TAMS 0x0000000092400000, 0x0000000092400000| Untracked 
|  21|0x0000000092500000, 0x0000000092500000, 0x0000000092600000|  0%| F|  |TAMS 0x0000000092500000, 0x0000000092500000| Untracked 
|  22|0x0000000092600000, 0x0000000092600000, 0x0000000092700000|  0%| F|  |TAMS 0x0000000092600000, 0x0000000092600000| Untracked 
|  23|0x0000000092700000, 0x0000000092700000, 0x0000000092800000|  0%| F|  |TAMS 0x0000000092700000, 0x0000000092700000| Untracked 
|  24|0x0000000092800000, 0x0000000092800000, 0x0000000092900000|  0%| F|  |TAMS 0x0000000092800000, 0x0000000092800000| Untracked 
|  25|0x0000000092900000, 0x0000000092900000, 0x0000000092a00000|  0%| F|  |TAMS 0x0000000092900000, 0x0000000092900000| Untracked 
|  26|0x0000000092a00000, 0x0000000092a00000, 0x0000000092b00000|  0%| F|  |TAMS 0x0000000092a00000, 0x0000000092a00000| Untracked 
|  27|0x0000000092b00000, 0x0000000092b00000, 0x0000000092c00000|  0%| F|  |TAMS 0x0000000092b00000, 0x0000000092b00000| Untracked 
|  28|0x0000000092c00000, 0x0000000092c00000, 0x0000000092d00000|  0%| F|  |TAMS 0x0000000092c00000, 0x0000000092c00000| Untracked 
|  29|0x0000000092d00000, 0x0000000092d00000, 0x0000000092e00000|  0%| F|  |TAMS 0x0000000092d00000, 0x0000000092d00000| Untracked 
|  30|0x0000000092e00000, 0x0000000092e00000, 0x0000000092f00000|  0%| F|  |TAMS 0x0000000092e00000, 0x0000000092e00000| Untracked 
|  31|0x0000000092f00000, 0x0000000092f00000, 0x0000000093000000|  0%| F|  |TAMS 0x0000000092f00000, 0x0000000092f00000| Untracked 
|  32|0x0000000093000000, 0x0000000093000000, 0x0000000093100000|  0%| F|  |TAMS 0x0000000093000000, 0x0000000093000000| Untracked 
|  33|0x0000000093100000, 0x0000000093100000, 0x0000000093200000|  0%| F|  |TAMS 0x0000000093100000, 0x0000000093100000| Untracked 
|  34|0x0000000093200000, 0x0000000093200000, 0x0000000093300000|  0%| F|  |TAMS 0x0000000093200000, 0x0000000093200000| Untracked 
|  35|0x0000000093300000, 0x0000000093300000, 0x0000000093400000|  0%| F|  |TAMS 0x0000000093300000, 0x0000000093300000| Untracked 
|  36|0x0000000093400000, 0x0000000093400000, 0x0000000093500000|  0%| F|  |TAMS 0x0000000093400000, 0x0000000093400000| Untracked 
|  37|0x0000000093500000, 0x0000000093500000, 0x0000000093600000|  0%| F|  |TAMS 0x0000000093500000, 0x0000000093500000| Untracked 
|  38|0x0000000093600000, 0x0000000093600000, 0x0000000093700000|  0%| F|  |TAMS 0x0000000093600000, 0x0000000093600000| Untracked 
|  39|0x0000000093700000, 0x0000000093700000, 0x0000000093800000|  0%| F|  |TAMS 0x0000000093700000, 0x0000000093700000| Untracked 
|  40|0x0000000093800000, 0x0000000093800000, 0x0000000093900000|  0%| F|  |TAMS 0x0000000093800000, 0x0000000093800000| Untracked 
|  41|0x0000000093900000, 0x0000000093900000, 0x0000000093a00000|  0%| F|  |TAMS 0x0000000093900000, 0x0000000093900000| Untracked 
|  42|0x0000000093a00000, 0x0000000093a00000, 0x0000000093b00000|  0%| F|  |TAMS 0x0000000093a00000, 0x0000000093a00000| Untracked 
|  43|0x0000000093b00000, 0x0000000093b00000, 0x0000000093c00000|  0%| F|  |TAMS 0x0000000093b00000, 0x0000000093b00000| Untracked 
|  44|0x0000000093c00000, 0x0000000093c00000, 0x0000000093d00000|  0%| F|  |TAMS 0x0000000093c00000, 0x0000000093c00000| Untracked 
|  45|0x0000000093d00000, 0x0000000093d00000, 0x0000000093e00000|  0%| F|  |TAMS 0x0000000093d00000, 0x0000000093d00000| Untracked 
|  46|0x0000000093e00000, 0x0000000093e00000, 0x0000000093f00000|  0%| F|  |TAMS 0x0000000093e00000, 0x0000000093e00000| Untracked 
|  47|0x0000000093f00000, 0x0000000093f00000, 0x0000000094000000|  0%| F|  |TAMS 0x0000000093f00000, 0x0000000093f00000| Untracked 
|  48|0x0000000094000000, 0x0000000094000000, 0x0000000094100000|  0%| F|  |TAMS 0x0000000094000000, 0x0000000094000000| Untracked 
|  49|0x0000000094100000, 0x0000000094100000, 0x0000000094200000|  0%| F|  |TAMS 0x0000000094100000, 0x0000000094100000| Untracked 
|  50|0x0000000094200000, 0x0000000094200000, 0x0000000094300000|  0%| F|  |TAMS 0x0000000094200000, 0x0000000094200000| Untracked 
|  51|0x0000000094300000, 0x0000000094300000, 0x0000000094400000|  0%| F|  |TAMS 0x0000000094300000, 0x0000000094300000| Untracked 
|  52|0x0000000094400000, 0x0000000094400000, 0x0000000094500000|  0%| F|  |TAMS 0x0000000094400000, 0x0000000094400000| Untracked 
|  53|0x0000000094500000, 0x0000000094500000, 0x0000000094600000|  0%| F|  |TAMS 0x0000000094500000, 0x0000000094500000| Untracked 
|  54|0x0000000094600000, 0x0000000094600000, 0x0000000094700000|  0%| F|  |TAMS 0x0000000094600000, 0x0000000094600000| Untracked 
|  55|0x0000000094700000, 0x0000000094700000, 0x0000000094800000|  0%| F|  |TAMS 0x0000000094700000, 0x0000000094700000| Untracked 
|  56|0x0000000094800000, 0x0000000094800000, 0x0000000094900000|  0%| F|  |TAMS 0x0000000094800000, 0x0000000094800000| Untracked 
|  57|0x0000000094900000, 0x0000000094900000, 0x0000000094a00000|  0%| F|  |TAMS 0x0000000094900000, 0x0000000094900000| Untracked 
|  58|0x0000000094a00000, 0x0000000094a00000, 0x0000000094b00000|  0%| F|  |TAMS 0x0000000094a00000, 0x0000000094a00000| Untracked 
|  59|0x0000000094b00000, 0x0000000094b00000, 0x0000000094c00000|  0%| F|  |TAMS 0x0000000094b00000, 0x0000000094b00000| Untracked 
|  60|0x0000000094c00000, 0x0000000094c00000, 0x0000000094d00000|  0%| F|  |TAMS 0x0000000094c00000, 0x0000000094c00000| Untracked 
|  61|0x0000000094d00000, 0x0000000094d00000, 0x0000000094e00000|  0%| F|  |TAMS 0x0000000094d00000, 0x0000000094d00000| Untracked 
|  62|0x0000000094e00000, 0x0000000094e00000, 0x0000000094f00000|  0%| F|  |TAMS 0x0000000094e00000, 0x0000000094e00000| Untracked 
|  63|0x0000000094f00000, 0x0000000094f00000, 0x0000000095000000|  0%| F|  |TAMS 0x0000000094f00000, 0x0000000094f00000| Untracked 
|  64|0x0000000095000000, 0x0000000095000000, 0x0000000095100000|  0%| F|  |TAMS 0x0000000095000000, 0x0000000095000000| Untracked 
|  65|0x0000000095100000, 0x0000000095100000, 0x0000000095200000|  0%| F|  |TAMS 0x0000000095100000, 0x0000000095100000| Untracked 
|  66|0x0000000095200000, 0x0000000095200000, 0x0000000095300000|  0%| F|  |TAMS 0x0000000095200000, 0x0000000095200000| Untracked 
|  67|0x0000000095300000, 0x0000000095300000, 0x0000000095400000|  0%| F|  |TAMS 0x0000000095300000, 0x0000000095300000| Untracked 
|  68|0x0000000095400000, 0x0000000095400000, 0x0000000095500000|  0%| F|  |TAMS 0x0000000095400000, 0x0000000095400000| Untracked 
|  69|0x0000000095500000, 0x0000000095500000, 0x0000000095600000|  0%| F|  |TAMS 0x0000000095500000, 0x0000000095500000| Untracked 
|  70|0x0000000095600000, 0x0000000095600000, 0x0000000095700000|  0%| F|  |TAMS 0x0000000095600000, 0x0000000095600000| Untracked 
|  71|0x0000000095700000, 0x0000000095700000, 0x0000000095800000|  0%| F|  |TAMS 0x0000000095700000, 0x0000000095700000| Untracked 
|  72|0x0000000095800000, 0x0000000095800000, 0x0000000095900000|  0%| F|  |TAMS 0x0000000095800000, 0x0000000095800000| Untracked 
|  73|0x0000000095900000, 0x0000000095900000, 0x0000000095a00000|  0%| F|  |TAMS 0x0000000095900000, 0x0000000095900000| Untracked 
|  74|0x0000000095a00000, 0x0000000095a00000, 0x0000000095b00000|  0%| F|  |TAMS 0x0000000095a00000, 0x0000000095a00000| Untracked 
|  75|0x0000000095b00000, 0x0000000095b00000, 0x0000000095c00000|  0%| F|  |TAMS 0x0000000095b00000, 0x0000000095b00000| Untracked 
|  76|0x0000000095c00000, 0x0000000095c00000, 0x0000000095d00000|  0%| F|  |TAMS 0x0000000095c00000, 0x0000000095c00000| Untracked 
|  77|0x0000000095d00000, 0x0000000095d00000, 0x0000000095e00000|  0%| F|  |TAMS 0x0000000095d00000, 0x0000000095d00000| Untracked 
|  78|0x0000000095e00000, 0x0000000095e00000, 0x0000000095f00000|  0%| F|  |TAMS 0x0000000095e00000, 0x0000000095e00000| Untracked 
|  79|0x0000000095f00000, 0x0000000095f00000, 0x0000000096000000|  0%| F|  |TAMS 0x0000000095f00000, 0x0000000095f00000| Untracked 
|  80|0x0000000096000000, 0x0000000096000000, 0x0000000096100000|  0%| F|  |TAMS 0x0000000096000000, 0x0000000096000000| Untracked 
|  81|0x0000000096100000, 0x0000000096100000, 0x0000000096200000|  0%| F|  |TAMS 0x0000000096100000, 0x0000000096100000| Untracked 
|  82|0x0000000096200000, 0x0000000096200000, 0x0000000096300000|  0%| F|  |TAMS 0x0000000096200000, 0x0000000096200000| Untracked 
|  83|0x0000000096300000, 0x0000000096300000, 0x0000000096400000|  0%| F|  |TAMS 0x0000000096300000, 0x0000000096300000| Untracked 
|  84|0x0000000096400000, 0x0000000096400000, 0x0000000096500000|  0%| F|  |TAMS 0x0000000096400000, 0x0000000096400000| Untracked 
|  85|0x0000000096500000, 0x0000000096500000, 0x0000000096600000|  0%| F|  |TAMS 0x0000000096500000, 0x0000000096500000| Untracked 
|  86|0x0000000096600000, 0x0000000096600000, 0x0000000096700000|  0%| F|  |TAMS 0x0000000096600000, 0x0000000096600000| Untracked 
|  87|0x0000000096700000, 0x0000000096700000, 0x0000000096800000|  0%| F|  |TAMS 0x0000000096700000, 0x0000000096700000| Untracked 
|  88|0x0000000096800000, 0x0000000096800000, 0x0000000096900000|  0%| F|  |TAMS 0x0000000096800000, 0x0000000096800000| Untracked 
|  89|0x0000000096900000, 0x0000000096900000, 0x0000000096a00000|  0%| F|  |TAMS 0x0000000096900000, 0x0000000096900000| Untracked 
|  90|0x0000000096a00000, 0x0000000096a00000, 0x0000000096b00000|  0%| F|  |TAMS 0x0000000096a00000, 0x0000000096a00000| Untracked 
|  91|0x0000000096b00000, 0x0000000096b00000, 0x0000000096c00000|  0%| F|  |TAMS 0x0000000096b00000, 0x0000000096b00000| Untracked 
|  92|0x0000000096c00000, 0x0000000096c00000, 0x0000000096d00000|  0%| F|  |TAMS 0x0000000096c00000, 0x0000000096c00000| Untracked 
|  93|0x0000000096d00000, 0x0000000096d79330, 0x0000000096e00000| 47%| S|CS|TAMS 0x0000000096d00000, 0x0000000096d00000| Complete 
|  94|0x0000000096e00000, 0x0000000096f00000, 0x0000000096f00000|100%| S|CS|TAMS 0x0000000096e00000, 0x0000000096e00000| Complete 
|  95|0x0000000096f00000, 0x0000000097000000, 0x0000000097000000|100%| S|CS|TAMS 0x0000000096f00000, 0x0000000096f00000| Complete 
|  96|0x0000000097000000, 0x0000000097100000, 0x0000000097100000|100%| S|CS|TAMS 0x0000000097000000, 0x0000000097000000| Complete 
|  97|0x0000000097100000, 0x0000000097200000, 0x0000000097200000|100%| S|CS|TAMS 0x0000000097100000, 0x0000000097100000| Complete 
|  98|0x0000000097200000, 0x0000000097200000, 0x0000000097300000|  0%| F|  |TAMS 0x0000000097200000, 0x0000000097200000| Untracked 
|  99|0x0000000097300000, 0x0000000097300000, 0x0000000097400000|  0%| F|  |TAMS 0x0000000097300000, 0x0000000097300000| Untracked 
| 100|0x0000000097400000, 0x0000000097400000, 0x0000000097500000|  0%| F|  |TAMS 0x0000000097400000, 0x0000000097400000| Untracked 
| 101|0x0000000097500000, 0x0000000097500000, 0x0000000097600000|  0%| F|  |TAMS 0x0000000097500000, 0x0000000097500000| Untracked 
| 102|0x0000000097600000, 0x0000000097600000, 0x0000000097700000|  0%| F|  |TAMS 0x0000000097600000, 0x0000000097600000| Untracked 
| 103|0x0000000097700000, 0x0000000097700000, 0x0000000097800000|  0%| F|  |TAMS 0x0000000097700000, 0x0000000097700000| Untracked 
| 104|0x0000000097800000, 0x0000000097800000, 0x0000000097900000|  0%| F|  |TAMS 0x0000000097800000, 0x0000000097800000| Untracked 
| 105|0x0000000097900000, 0x0000000097980800, 0x0000000097a00000| 50%| E|  |TAMS 0x0000000097900000, 0x0000000097900000| Complete 
| 106|0x0000000097a00000, 0x0000000097b00000, 0x0000000097b00000|100%| E|CS|TAMS 0x0000000097a00000, 0x0000000097a00000| Complete 
| 107|0x0000000097b00000, 0x0000000097c00000, 0x0000000097c00000|100%| E|CS|TAMS 0x0000000097b00000, 0x0000000097b00000| Complete 
| 108|0x0000000097c00000, 0x0000000097d00000, 0x0000000097d00000|100%| E|CS|TAMS 0x0000000097c00000, 0x0000000097c00000| Complete 
| 109|0x0000000097d00000, 0x0000000097e00000, 0x0000000097e00000|100%| E|CS|TAMS 0x0000000097d00000, 0x0000000097d00000| Complete 
| 110|0x0000000097e00000, 0x0000000097f00000, 0x0000000097f00000|100%| E|CS|TAMS 0x0000000097e00000, 0x0000000097e00000| Complete 
| 111|0x0000000097f00000, 0x0000000098000000, 0x0000000098000000|100%| E|CS|TAMS 0x0000000097f00000, 0x0000000097f00000| Complete 

Card table byte_map: [0x0000020325910000,0x0000020325c90000] _byte_map_base: 0x0000020325488000

Marking Bits (Prev, Next): (CMBitMap*) 0x000002030cb9e6b0, (CMBitMap*) 0x000002030cb9e678
 Prev Bits: [0x0000020327bd0000, 0x0000020329790000)
 Next Bits: [0x0000020326010000, 0x0000020327bd0000)

Polling page: 0x000002030e410000

Metaspace:

Usage:
  Non-class:     19.07 MB capacity,    18.74 MB ( 98%) used,   315.73 KB (  2%) free+waste,    24.75 KB ( <1%) overhead. 
      Class:      2.38 MB capacity,     2.25 MB ( 95%) used,   120.24 KB (  5%) free+waste,    10.38 KB ( <1%) overhead. 
       Both:     21.45 MB capacity,    20.99 MB ( 98%) used,   435.98 KB (  2%) free+waste,    35.13 KB ( <1%) overhead. 

Virtual space:
  Non-class space:       20.00 MB reserved,      19.17 MB ( 96%) committed 
      Class space:        1.00 GB reserved,       2.50 MB ( <1%) committed 
             Both:        1.02 GB reserved,      21.67 MB (  2%) committed 

Chunk freelists:
   Non-Class:  0 bytes
       Class:  0 bytes
        Both:  0 bytes

CodeHeap 'non-profiled nmethods': size=120000Kb used=1527Kb max_used=1527Kb free=118472Kb
 bounds [0x000002031dd30000, 0x000002031dfa0000, 0x0000020325260000]
CodeHeap 'profiled nmethods': size=120000Kb used=6063Kb max_used=6063Kb free=113936Kb
 bounds [0x0000020316800000, 0x0000020316df0000, 0x000002031dd30000]
CodeHeap 'non-nmethods': size=5760Kb used=1111Kb max_used=1151Kb free=4648Kb
 bounds [0x0000020316260000, 0x00000203164d0000, 0x0000020316800000]
 total_blobs=3419 nmethods=2993 adapters=337
 compilation: enabled
              stopped_count=0, restarted_count=0
 full_count=0

Compilation events (10 events):
Event: 4.409 Thread 0x000002032c1ef800 nmethod 2988 0x0000020316dea490 code [0x0000020316dea640, 0x0000020316dea838]
Event: 4.409 Thread 0x000002032c1ef800 2989       3       java.lang.invoke.MethodTypeForm::parameterSlotCount (9 bytes)
Event: 4.409 Thread 0x000002032c1ef800 nmethod 2989 0x0000020316dea910 code [0x0000020316deaaa0, 0x0000020316deac18]
Event: 4.409 Thread 0x000002032c1ef800 2990       3       java.lang.invoke.MethodTypeForm::unpack (30 bytes)
Event: 4.410 Thread 0x000002032c1ef800 nmethod 2990 0x0000020316dead10 code [0x0000020316deaea0, 0x0000020316deafb8]
Event: 4.410 Thread 0x000002032c1ef800 2993       3       java.lang.invoke.MemberName::getInvocationType (56 bytes)
Event: 4.410 Thread 0x000002032c1ef800 nmethod 2993 0x0000020316deb090 code [0x0000020316deb2c0, 0x0000020316debb88]
Event: 4.431 Thread 0x000002032c1e5000 nmethod 2968 0x000002031dea7090 code [0x000002031dea7260, 0x000002031dea7fc8]
Event: 4.441 Thread 0x000002032dc9d800 nmethod 2887 0x000002031dea8790 code [0x000002031dea8aa0, 0x000002031deabbf0]
Event: 5.737 Thread 0x000002032d67c000 2994  s    4       java.io.BufferedOutputStream::flush (12 bytes)

GC Heap History (6 events):
Event: 1.351 GC heap before
{Heap before GC invocations=0 (full 0):
 garbage-first heap   total 114688K, used 23552K [0x0000000091000000, 0x0000000100000000)
  region size 1024K, 24 young (24576K), 0 survivors (0K)
 Metaspace       used 12274K, capacity 12468K, committed 12672K, reserved 1060864K
  class space    used 1240K, capacity 1348K, committed 1408K, reserved 1048576K
}
Event: 1.361 GC heap after
{Heap after GC invocations=1 (full 0):
 garbage-first heap   total 114688K, used 3468K [0x0000000091000000, 0x0000000100000000)
  region size 1024K, 3 young (3072K), 3 survivors (3072K)
 Metaspace       used 12274K, capacity 12468K, committed 12672K, reserved 1060864K
  class space    used 1240K, capacity 1348K, committed 1408K, reserved 1048576K
}
Event: 3.876 GC heap before
{Heap before GC invocations=1 (full 0):
 garbage-first heap   total 114688K, used 69004K [0x0000000091000000, 0x0000000100000000)
  region size 1024K, 67 young (68608K), 3 survivors (3072K)
 Metaspace       used 20454K, capacity 20865K, committed 21120K, reserved 1069056K
  class space    used 2176K, capacity 2317K, committed 2432K, reserved 1048576K
}
Event: 3.894 GC heap after
{Heap after GC invocations=2 (full 0):
 garbage-first heap   total 114688K, used 6970K [0x0000000091000000, 0x0000000100000000)
  region size 1024K, 7 young (7168K), 7 survivors (7168K)
 Metaspace       used 20454K, capacity 20865K, committed 21120K, reserved 1069056K
  class space    used 2176K, capacity 2317K, committed 2432K, reserved 1048576K
}
Event: 4.226 GC heap before
{Heap before GC invocations=2 (full 0):
 garbage-first heap   total 114688K, used 19258K [0x0000000091000000, 0x0000000100000000)
  region size 1024K, 21 young (21504K), 7 survivors (7168K)
 Metaspace       used 20729K, capacity 21166K, committed 21296K, reserved 1069056K
  class space    used 2198K, capacity 2357K, committed 2432K, reserved 1048576K
}
Event: 4.248 GC heap after
{Heap after GC invocations=3 (full 0):
 garbage-first heap   total 114688K, used 7986K [0x0000000091000000, 0x0000000100000000)
  region size 1024K, 5 young (5120K), 5 survivors (5120K)
 Metaspace       used 20729K, capacity 21166K, committed 21296K, reserved 1069056K
  class space    used 2198K, capacity 2357K, committed 2432K, reserved 1048576K
}

Deoptimization events (10 events):
Event: 4.118 Thread 0x000002030ec30000 Uncommon trap: reason=unloaded action=reinterpret pc=0x000002031dd63a28 method=java.util.jar.JarFile.checkForSpecialAttributes()V @ 99 c2
Event: 4.119 Thread 0x000002030ec30000 Uncommon trap: reason=unstable_if action=reinterpret pc=0x000002031dd68278 method=java.util.jar.JarFile.isMultiRelease()Z @ 4 c2
Event: 4.161 Thread 0x000002030ec30000 Uncommon trap: reason=unstable_if action=reinterpret pc=0x000002031ddbe738 method=java.util.jar.Manifest$FastInputStream.readLine([BII)I @ 90 c2
Event: 4.166 Thread 0x000002030ec30000 Uncommon trap: reason=unstable_if action=reinterpret pc=0x000002031de0052c method=sun.net.www.protocol.jar.Handler.parseURL(Ljava/net/URL;Ljava/lang/String;II)V @ 116 c2
Event: 4.167 Thread 0x000002030ec30000 Uncommon trap: reason=unloaded action=reinterpret pc=0x000002031dd57d18 method=java.util.jar.JarFile.checkForSpecialAttributes()V @ 99 c2
Event: 4.254 Thread 0x000002030ec30000 Uncommon trap: reason=class_check action=maybe_recompile pc=0x000002031dde4d8c method=com.google.inject.internal.LinkedBindingImpl.acceptTargetVisitor(Lcom/google/inject/spi/BindingTargetVisitor;)Ljava/lang/Object; @ 2 c2
Event: 4.254 Thread 0x000002030ec30000 Uncommon trap: reason=class_check action=maybe_recompile pc=0x000002031dde4d8c method=com.google.inject.internal.LinkedBindingImpl.acceptTargetVisitor(Lcom/google/inject/spi/BindingTargetVisitor;)Ljava/lang/Object; @ 2 c2
Event: 4.330 Thread 0x000002030ec30000 Uncommon trap: reason=class_check action=maybe_recompile pc=0x000002031dde4d8c method=com.google.inject.internal.LinkedBindingImpl.acceptTargetVisitor(Lcom/google/inject/spi/BindingTargetVisitor;)Ljava/lang/Object; @ 2 c2
Event: 4.330 Thread 0x000002030ec30000 Uncommon trap: reason=class_check action=maybe_recompile pc=0x000002031dde4d8c method=com.google.inject.internal.LinkedBindingImpl.acceptTargetVisitor(Lcom/google/inject/spi/BindingTargetVisitor;)Ljava/lang/Object; @ 2 c2
Event: 4.337 Thread 0x000002030ec30000 Uncommon trap: reason=speculate_null_assert action=make_not_entrant pc=0x000002031de904dc method=org.eclipse.sisu.inject.RankedBindings$Itr.hasNext()Z @ 80 c2

Classes redefined (0 events):
No events

Internal exceptions (10 events):
Event: 4.303 Thread 0x000002030ec30000 Exception <a 'java/lang/NoClassDefFoundError'{0x0000000097edbe30}: org/sonatype/aether/artifact/ArtifactType> (0x0000000097edbe30) thrown at [./open/src/hotspot/share/classfile/systemDictionary.cpp, line 216]
Event: 4.310 Thread 0x000002030ec30000 Exception <a 'java/lang/NoClassDefFoundError'{0x0000000097d17cc0}: org/sonatype/aether/artifact/Artifact> (0x0000000097d17cc0) thrown at [./open/src/hotspot/share/classfile/systemDictionary.cpp, line 216]
Event: 4.311 Thread 0x000002030ec30000 Exception <a 'java/lang/NoClassDefFoundError'{0x0000000097d256a0}: org/sonatype/aether/deployment/DeploymentException> (0x0000000097d256a0) thrown at [./open/src/hotspot/share/classfile/systemDictionary.cpp, line 216]
Event: 4.312 Thread 0x000002030ec30000 Exception <a 'java/lang/NoClassDefFoundError'{0x0000000097d325e0}: org/sonatype/aether/installation/InstallationException> (0x0000000097d325e0) thrown at [./open/src/hotspot/share/classfile/systemDictionary.cpp, line 216]
Event: 4.312 Thread 0x000002030ec30000 Exception <a 'java/lang/NoClassDefFoundError'{0x0000000097d377e0}: org/sonatype/aether/artifact/Artifact> (0x0000000097d377e0) thrown at [./open/src/hotspot/share/classfile/systemDictionary.cpp, line 216]
Event: 4.401 Thread 0x000002030ec30000 Exception <a 'java/lang/NoSuchMethodError'{0x0000000097a387d0}: java.lang.invoke.DirectMethodHandle$Holder.invokeStatic(Ljava/lang/Object;J)V> (0x0000000097a387d0) thrown at [./open/src/hotspot/share/interpreter/linkResolver.cpp, line 772]
Event: 4.403 Thread 0x000002030ec30000 Exception <a 'java/lang/NoSuchMethodError'{0x0000000097a3da18}: java.lang.invoke.DirectMethodHandle$Holder.invokeStatic(Ljava/lang/Object;J)Ljava/lang/Object;> (0x0000000097a3da18) thrown at [./open/src/hotspot/share/interpreter/linkResolver.cpp, line 772
Event: 4.407 Thread 0x000002030ec30000 Exception <a 'java/lang/NoSuchMethodError'{0x0000000097a4be70}: java.lang.invoke.DirectMethodHandle$Holder.invokeStaticInit(Ljava/lang/Object;Ljava/lang/Object;JLjava/lang/Object;)Ljava/lang/Object;> (0x0000000097a4be70) thrown at [./open/src/hotspot/shar
Event: 4.408 Thread 0x000002030ec30000 Exception <a 'java/lang/NoSuchMethodError'{0x0000000097a51d90}: java.lang.invoke.DirectMethodHandle$Holder.invokeStatic(Ljava/lang/Object;Ljava/lang/Object;J)Ljava/lang/Object;> (0x0000000097a51d90) thrown at [./open/src/hotspot/share/interpreter/linkReso
Event: 4.410 Thread 0x000002030ec30000 Exception <a 'java/lang/NoSuchMethodError'{0x0000000097a58060}: java.lang.invoke.Invokers$Holder.linkToTargetMethod(Ljava/lang/Object;JLjava/lang/Object;)Ljava/lang/Object;> (0x0000000097a58060) thrown at [./open/src/hotspot/share/interpreter/linkResolver

Events (10 events):
Event: 4.414 loading class org/apache/commons/exec/StreamPumper
Event: 4.414 loading class org/apache/commons/exec/StreamPumper done
Event: 4.415 Thread 0x000002032f40f800 Thread added: 0x000002032f40f800
Event: 4.415 Thread 0x000002032f3e5000 Thread added: 0x000002032f3e5000
Event: 4.415 Thread 0x000002032e93f800 Thread added: 0x000002032e93f800
Event: 4.416 Executing VM operation: RevokeBias
Event: 4.416 Executing VM operation: RevokeBias done
Event: 4.416 Executing VM operation: RevokeBias
Event: 4.416 Executing VM operation: RevokeBias done
Event: 5.737 Thread 0x000002032dc9d800 Thread exited: 0x000002032dc9d800


Dynamic libraries:
0x00007ff609cc0000 - 0x00007ff609ccf000 	C:\Program Files\Java\jdk-11.0.13\bin\java.exe
0x00007ff9a4890000 - 0x00007ff9a4a85000 	C:\WINDOWS\SYSTEM32\ntdll.dll
0x00007ff9a2d30000 - 0x00007ff9a2dee000 	C:\WINDOWS\System32\KERNEL32.DLL
0x00007ff9a20b0000 - 0x00007ff9a2378000 	C:\WINDOWS\System32\KERNELBASE.dll
0x00007ff9a24e0000 - 0x00007ff9a25e0000 	C:\WINDOWS\System32\ucrtbase.dll
0x00007ff99b9a0000 - 0x00007ff99b9b8000 	C:\Program Files\Java\jdk-11.0.13\bin\jli.dll
0x00007ff9a4650000 - 0x00007ff9a46fe000 	C:\WINDOWS\System32\ADVAPI32.dll
0x00007ff99b920000 - 0x00007ff99b935000 	C:\Program Files\Java\jdk-11.0.13\bin\VCRUNTIME140.dll
0x00007ff9a4700000 - 0x00007ff9a479e000 	C:\WINDOWS\System32\msvcrt.dll
0x00007ff9a3f80000 - 0x00007ff9a401c000 	C:\WINDOWS\System32\sechost.dll
0x00007ff9a4040000 - 0x00007ff9a4165000 	C:\WINDOWS\System32\RPCRT4.dll
0x00007ff9a3910000 - 0x00007ff9a3ab1000 	C:\WINDOWS\System32\USER32.dll
0x00007ff9a28a0000 - 0x00007ff9a28c2000 	C:\WINDOWS\System32\win32u.dll
0x00007ff9a2f10000 - 0x00007ff9a2f3b000 	C:\WINDOWS\System32\GDI32.dll
0x00007ff9a1fa0000 - 0x00007ff9a20ad000 	C:\WINDOWS\System32\gdi32full.dll
0x00007ff9a2670000 - 0x00007ff9a270d000 	C:\WINDOWS\System32\msvcp_win.dll
0x00007ff9947d0000 - 0x00007ff994a6a000 	C:\WINDOWS\WinSxS\amd64_microsoft.windows.common-controls_6595b64144ccf1df_6.0.19041.1110_none_60b5254171f9507e\COMCTL32.dll
0x00007ff997a10000 - 0x00007ff997a1a000 	C:\WINDOWS\SYSTEM32\VERSION.dll
0x00007ff9a3f50000 - 0x00007ff9a3f80000 	C:\WINDOWS\System32\IMM32.DLL
0x00007ff980540000 - 0x00007ff9805db000 	C:\Program Files\Java\jdk-11.0.13\bin\msvcp140.dll
0x00007ff95cb00000 - 0x00007ff95d613000 	C:\Program Files\Java\jdk-11.0.13\bin\server\jvm.dll
0x00007ff9a3900000 - 0x00007ff9a3908000 	C:\WINDOWS\System32\PSAPI.DLL
0x00007ff99eee0000 - 0x00007ff99eee9000 	C:\WINDOWS\SYSTEM32\WSOCK32.dll
0x00007ff9979e0000 - 0x00007ff997a07000 	C:\WINDOWS\SYSTEM32\WINMM.dll
0x00007ff9a2df0000 - 0x00007ff9a2e5b000 	C:\WINDOWS\System32\WS2_32.dll
0x00007ff9a0870000 - 0x00007ff9a0882000 	C:\WINDOWS\SYSTEM32\kernel.appcore.dll
0x00007ff99d480000 - 0x00007ff99d490000 	C:\Program Files\Java\jdk-11.0.13\bin\verify.dll
0x00007ff9a02d0000 - 0x00007ff9a04b4000 	C:\WINDOWS\SYSTEM32\DBGHELP.DLL
0x00007ff993220000 - 0x00007ff99324c000 	C:\WINDOWS\SYSTEM32\dbgcore.DLL
0x00007ff9a25e0000 - 0x00007ff9a2662000 	C:\WINDOWS\System32\bcryptPrimitives.dll
0x00007ff981460000 - 0x00007ff981488000 	C:\Program Files\Java\jdk-11.0.13\bin\java.dll
0x00007ff99bfa0000 - 0x00007ff99bfaa000 	C:\Program Files\Java\jdk-11.0.13\bin\jimage.dll
0x00007ff99b830000 - 0x00007ff99b846000 	C:\Program Files\Java\jdk-11.0.13\bin\zip.dll
0x00007ff9a31a0000 - 0x00007ff9a38e4000 	C:\WINDOWS\System32\SHELL32.dll
0x00007ff99fa60000 - 0x00007ff9a01f5000 	C:\WINDOWS\SYSTEM32\windows.storage.dll
0x00007ff9a3bf0000 - 0x00007ff9a3f45000 	C:\WINDOWS\System32\combase.dll
0x00007ff9a1920000 - 0x00007ff9a194e000 	C:\WINDOWS\SYSTEM32\Wldp.dll
0x00007ff9a47a0000 - 0x00007ff9a484d000 	C:\WINDOWS\System32\SHCORE.dll
0x00007ff9a2fc0000 - 0x00007ff9a3015000 	C:\WINDOWS\System32\shlwapi.dll
0x00007ff9a1ee0000 - 0x00007ff9a1eff000 	C:\WINDOWS\SYSTEM32\profapi.dll
0x00007ff99b720000 - 0x00007ff99b739000 	C:\Program Files\Java\jdk-11.0.13\bin\net.dll
0x00007ff994b20000 - 0x00007ff994c2c000 	C:\WINDOWS\SYSTEM32\WINHTTP.dll
0x00007ff9a1680000 - 0x00007ff9a16ea000 	C:\WINDOWS\system32\mswsock.dll
0x00007ff9874b0000 - 0x00007ff9874c2000 	C:\Program Files\Java\jdk-11.0.13\bin\nio.dll
0x00007ff99ba10000 - 0x00007ff99ba1a000 	C:\Program Files\NetBeans-12.6\netbeans\java\maven\lib\jansi-native\windows64\jansi.dll

dbghelp: loaded successfully - version: 4.0.5 - missing functions: none
symbol engine: initialized successfully - sym options: 0x614 - pdb path: .;C:\Program Files\Java\jdk-11.0.13\bin;C:\WINDOWS\SYSTEM32;C:\WINDOWS\WinSxS\amd64_microsoft.windows.common-controls_6595b64144ccf1df_6.0.19041.1110_none_60b5254171f9507e;C:\Program Files\Java\jdk-11.0.13\bin\server;C:\Program Files\NetBeans-12.6\netbeans\java\maven\lib\jansi-native\windows64

VM Arguments:
jvm_args: -Dclassworlds.conf=C:\Program Files\NetBeans-12.6\netbeans\java\maven\bin\..\bin\m2.conf -Dmaven.home=C:\Program Files\NetBeans-12.6\netbeans\java\maven\bin\.. -Dlibrary.jansi.path=C:\Program Files\NetBeans-12.6\netbeans\java\maven\bin\..\lib\jansi-native -Dmaven.multiModuleProjectDirectory=C:\Users\arthu\OneDrive\Bureau\PROJETS\ScoreTarot 
java_command: org.codehaus.plexus.classworlds.launcher.Launcher -Dexec.vmArgs= -Dexec.args=${exec.vmArgs} -classpath %classpath ${exec.mainClass} ${exec.appArgs} -Dexec.appArgs= -Dexec.mainClass=arthur.scoretarot.ScoreTarot -Dexec.executable=C:\Program Files\Java\jdk-11.0.13\bin\java.exe -Dmaven.ext.class.path=C:\Program Files\NetBeans-12.6\netbeans\java\maven-nblib\netbeans-eventspy.jar -Dfile.encoding=UTF-8 org.codehaus.mojo:exec-maven-plugin:3.0.0:exec
java_class_path (initial): C:\Program Files\NetBeans-12.6\netbeans\java\maven\bin\..\boot\plexus-classworlds-2.6.0.jar
Launcher Type: SUN_STANDARD

[Global flags]
     intx CICompilerCount                          = 4                                         {product} {ergonomic}
     uint ConcGCThreads                            = 2                                         {product} {ergonomic}
     uint G1ConcRefinementThreads                  = 8                                         {product} {ergonomic}
   size_t G1HeapRegionSize                         = 1048576                                   {product} {ergonomic}
    uintx GCDrainStackTargetSize                   = 64                                        {product} {ergonomic}
   size_t InitialHeapSize                          = 117440512                                 {product} {ergonomic}
   size_t MarkStackSize                            = 4194304                                   {product} {ergonomic}
   size_t MaxHeapSize                              = 1862270976                                {product} {ergonomic}
   size_t MaxNewSize                               = 1116733440                                {product} {ergonomic}
   size_t MinHeapDeltaBytes                        = 1048576                                   {product} {ergonomic}
    uintx NonNMethodCodeHeapSize                   = 5836300                                {pd product} {ergonomic}
    uintx NonProfiledCodeHeapSize                  = 122910970                              {pd product} {ergonomic}
    uintx ProfiledCodeHeapSize                     = 122910970                              {pd product} {ergonomic}
    uintx ReservedCodeCacheSize                    = 251658240                              {pd product} {ergonomic}
     bool SegmentedCodeCache                       = true                                      {product} {ergonomic}
     bool UseCompressedClassPointers               = true                                 {lp64_product} {ergonomic}
     bool UseCompressedOops                        = true                                 {lp64_product} {ergonomic}
     bool UseG1GC                                  = true                                      {product} {ergonomic}
     bool UseLargePagesIndividualAllocation        = false                                  {pd product} {ergonomic}

Logging:
Log output configuration:
 #0: stdout all=warning uptime,level,tags
 #1: stderr all=off uptime,level,tags

Environment Variables:
JAVA_HOME=C:\Program Files\Java\jdk-11.0.13
PATH=C:\Program Files\Common Files\Oracle\Java\javapath;C:\Program Files (x86)\Common Files\Oracle\Java\javapath;C:\WINDOWS\system32;C:\WINDOWS;C:\WINDOWS\System32\Wbem;C:\WINDOWS\System32\WindowsPowerShell\v1.0\;C:\WINDOWS\System32\OpenSSH\;C:\Program Files\nodejs\;D:\Git\cmd;C:\Users\arthu\AppData\Local\Programs\Python\Python310\Scripts\;C:\Users\arthu\AppData\Local\Programs\Python\Python310\;C:\Program Files\Common Files\Oracle\Java\javapath;C:\Program Files (x86)\Common Files\Oracle\Java\javapath;C:\WINDOWS\system32;C:\WINDOWS;C:\WINDOWS\System32\Wbem;C:\WINDOWS\System32\WindowsPowerShell\v1.0\;C:\WINDOWS\System32\OpenSSH\;C:\Users\arthu\AppData\Local\Microsoft\WindowsApps;C:\Users\arthu\AppData\Local\Programs\Microsoft VS Code\bin;C:\MinGW\bin;;C:\Program Files\JetBrains\IntelliJ IDEA Community Edition 2021.2.3\bin;;C:\Python34\Scripts;C:\Users\arthu\AppData\Roaming\npm
USERNAME=arthu
OS=Windows_NT
PROCESSOR_IDENTIFIER=AMD64 Family 23 Model 24 Stepping 1, AuthenticAMD



---------------  S Y S T E M  ---------------

OS: Windows 10 , 64 bit Build 19041 (10.0.19041.1466)

CPU:total 8 (initial active 8) (8 cores per cpu, 2 threads per core) family 23 model 24 stepping 1 microcode 0x0, cmov, cx8, fxsr, mmx, sse, sse2, sse3, ssse3, sse4.1, sse4.2, popcnt, avx, avx2, aes, clmul, mmxext, 3dnowpref, lzcnt, sse4a, ht, tsc, tscinvbit, tscinv, bmi1, bmi2, adx, s

Memory: 4k page, system-wide physical 7103M (859M free)
TotalPageFile size 9582M (AvailPageFile size 4M)
current process WorkingSet (physical memory assigned to process): 141M, peak: 164M
current process commit charge ("private bytes"): 220M, peak: 241M

vm_info: Java HotSpot(TM) 64-Bit Server VM (11.0.13+10-LTS-370) for windows-amd64 JRE (11.0.13+10-LTS-370), built on Sep 15 2021 22:10:36 by "mach5one" with MS VC++ 15.9 (VS2017)

END.
